<?xml version="1.0" encoding="UTF-8"?>
<testng-results ignored="0" total="1" passed="1" failed="0" skipped="0">
  <reporter-output>
  </reporter-output>
  <suite started-at="2018-07-25T07:49:52Z" name="Default suite" finished-at="2018-07-25T07:50:34Z" duration-ms="42310">
    <groups>
    </groups>
    <test started-at="2018-07-25T07:49:52Z" name="Default test" finished-at="2018-07-25T07:50:34Z" duration-ms="42310">
      <class name="Testcases.supplymanagement">
        <test-method is-config="true" signature="browse()[pri:0, instance:Testcases.supplymanagement@58ea606c]" started-at="2018-07-25T07:49:52Z" name="browse" finished-at="2018-07-25T07:50:00Z" duration-ms="8436" status="PASS">
          <reporter-output>
          </reporter-output>
        </test-method> <!-- browse -->
        <test-method signature="supply_tc()[pri:0, instance:Testcases.supplymanagement@58ea606c]" started-at="2018-07-25T07:50:00Z" name="supply_tc" finished-at="2018-07-25T07:50:34Z" duration-ms="33794" status="PASS">
          <reporter-output>
          </reporter-output>
        </test-method> <!-- supply_tc -->
      </class> <!-- Testcases.supplymanagement -->
    </test> <!-- Default test -->
  </suite> <!-- Default suite -->
</testng-results>
